# JRE version: Java(TM) SE Runtime Environment (8.0_261-b12) (build 1.8.0_261-b12)
# Java VM: Java HotSpot(TM) 64-Bit Server VM (25.261-b12 mixed mode windows-amd64 compressed oops)
Heap:
 PSYoungGen      total 75776K, used 26452K [0x000000076bb80000, 0x0000000771000000, 0x00000007c0000000)
  eden space 65024K, 40% used [0x000000076bb80000,0x000000076d555200,0x000000076fb00000)
  from space 10752K, 0% used [0x000000076fb00000,0x000000076fb00000,0x0000000770580000)
  to   space 10752K, 0% used [0x0000000770580000,0x0000000770580000,0x0000000771000000)
 ParOldGen       total 173568K, used 1995K [0x00000006c3200000, 0x00000006cdb80000, 0x000000076bb80000)
  object space 173568K, 1% used [0x00000006c3200000,0x00000006c33f2c98,0x00000006cdb80000)
 Metaspace       used 13573K, capacity 13908K, committed 14080K, reserved 1060864K
  class space    used 1674K, capacity 1788K, committed 1792K, reserved 1048576K
GC Heap History (4 events):
Event: 4.409 GC heap before
{Heap before GC invocations=1 (full 0):
 PSYoungGen      total 75776K, used 14305K [0x000000076bb80000, 0x0000000771000000, 0x00000007c0000000)
  eden space 65024K, 22% used [0x000000076bb80000,0x000000076c9786c0,0x000000076fb00000)
  from space 10752K, 0% used [0x0000000770580000,0x0000000770580000,0x0000000771000000)
  to   space 10752K, 0% used [0x000000076fb00000,0x000000076fb00000,0x0000000770580000)
 ParOldGen       total 173568K, used 0K [0x00000006c3200000, 0x00000006cdb80000, 0x000000076bb80000)
  object space 173568K, 0% used [0x00000006c3200000,0x00000006c3200000,0x00000006cdb80000)
 Metaspace       used 12489K, capacity 12710K, committed 13056K, reserved 1060864K
  class space    used 1632K, capacity 1711K, committed 1792K, reserved 1048576K
Event: 4.464 GC heap after
Heap after GC invocations=1 (full 0):
 PSYoungGen      total 75776K, used 1968K [0x000000076bb80000, 0x0000000771000000, 0x00000007c0000000)
  eden space 65024K, 0% used [0x000000076bb80000,0x000000076bb80000,0x000000076fb00000)
  from space 10752K, 18% used [0x000000076fb00000,0x000000076fcec030,0x0000000770580000)
  to   space 10752K, 0% used [0x0000000770580000,0x0000000770580000,0x0000000771000000)
 ParOldGen       total 173568K, used 72K [0x00000006c3200000, 0x00000006cdb80000, 0x000000076bb80000)
  object space 173568K, 0% used [0x00000006c3200000,0x00000006c3212010,0x00000006cdb80000)
 Metaspace       used 12489K, capacity 12710K, committed 13056K, reserved 1060864K
  class space    used 1632K, capacity 1711K, committed 1792K, reserved 1048576K
}
Event: 4.464 GC heap before
{Heap before GC invocations=2 (full 1):
 PSYoungGen      total 75776K, used 1968K [0x000000076bb80000, 0x0000000771000000, 0x00000007c0000000)
  eden space 65024K, 0% used [0x000000076bb80000,0x000000076bb80000,0x000000076fb00000)
  from space 10752K, 18% used [0x000000076fb00000,0x000000076fcec030,0x0000000770580000)
  to   space 10752K, 0% used [0x0000000770580000,0x0000000770580000,0x0000000771000000)
 ParOldGen       total 173568K, used 72K [0x00000006c3200000, 0x00000006cdb80000, 0x000000076bb80000)
  object space 173568K, 0% used [0x00000006c3200000,0x00000006c3212010,0x00000006cdb80000)
 Metaspace       used 12489K, capacity 12710K, committed 13056K, reserved 1060864K
  class space    used 1632K, capacity 1711K, committed 1792K, reserved 1048576K
Event: 4.592 GC heap after
Heap after GC invocations=2 (full 1):
 PSYoungGen      total 75776K, used 0K [0x000000076bb80000, 0x0000000771000000, 0x00000007c0000000)
  eden space 65024K, 0% used [0x000000076bb80000,0x000000076bb80000,0x000000076fb00000)
  from space 10752K, 0% used [0x000000076fb00000,0x000000076fb00000,0x0000000770580000)
  to   space 10752K, 0% used [0x0000000770580000,0x0000000770580000,0x0000000771000000)
 ParOldGen       total 173568K, used 1995K [0x00000006c3200000, 0x00000006cdb80000, 0x000000076bb80000)
  object space 173568K, 1% used [0x00000006c3200000,0x00000006c33f2c98,0x00000006cdb80000)
 Metaspace       used 12489K, capacity 12710K, committed 13056K, reserved 1060864K
  class space    used 1632K, capacity 1711K, committed 1792K, reserved 1048576K
}

