# JRE version: Java(TM) SE Runtime Environment (8.0_261-b12) (build 1.8.0_261-b12)
# Java VM: Java HotSpot(TM) 64-Bit Server VM (25.261-b12 mixed mode windows-amd64 compressed oops)
Heap:
 PSYoungGen      total 75776K, used 24814K [0x000000076bb80000, 0x0000000771000000, 0x00000007c0000000)
  eden space 65024K, 26% used [0x000000076bb80000,0x000000076cc47818,0x000000076fb00000)
  from space 10752K, 70% used [0x000000076fb00000,0x0000000770274010,0x0000000770580000)
  to   space 10752K, 0% used [0x0000000770580000,0x0000000770580000,0x0000000771000000)
 ParOldGen       total 173568K, used 1016K [0x00000006c3200000, 0x00000006cdb80000, 0x000000076bb80000)
  object space 173568K, 0% used [0x00000006c3200000,0x00000006c32fe1a0,0x00000006cdb80000)
 Metaspace       used 14443K, capacity 14752K, committed 14848K, reserved 1062912K
  class space    used 1679K, capacity 1790K, committed 1792K, reserved 1048576K
GC Heap History (8 events):
Event: 4.100 GC heap before
{Heap before GC invocations=1 (full 0):
 PSYoungGen      total 75776K, used 7803K [0x000000076bb80000, 0x0000000771000000, 0x00000007c0000000)
  eden space 65024K, 12% used [0x000000076bb80000,0x000000076c31ec48,0x000000076fb00000)
  from space 10752K, 0% used [0x0000000770580000,0x0000000770580000,0x0000000771000000)
  to   space 10752K, 0% used [0x000000076fb00000,0x000000076fb00000,0x0000000770580000)
 ParOldGen       total 173568K, used 0K [0x00000006c3200000, 0x00000006cdb80000, 0x000000076bb80000)
  object space 173568K, 0% used [0x00000006c3200000,0x00000006c3200000,0x00000006cdb80000)
 Metaspace       used 6365K, capacity 6536K, committed 6784K, reserved 1056768K
  class space    used 762K, capacity 806K, committed 896K, reserved 1048576K
Event: 4.123 GC heap after
Heap after GC invocations=1 (full 0):
 PSYoungGen      total 75776K, used 992K [0x000000076bb80000, 0x0000000771000000, 0x00000007c0000000)
  eden space 65024K, 0% used [0x000000076bb80000,0x000000076bb80000,0x000000076fb00000)
  from space 10752K, 9% used [0x000000076fb00000,0x000000076fbf8020,0x0000000770580000)
  to   space 10752K, 0% used [0x0000000770580000,0x0000000770580000,0x0000000771000000)
 ParOldGen       total 173568K, used 0K [0x00000006c3200000, 0x00000006cdb80000, 0x000000076bb80000)
  object space 173568K, 0% used [0x00000006c3200000,0x00000006c3200000,0x00000006cdb80000)
 Metaspace       used 6365K, capacity 6536K, committed 6784K, reserved 1056768K
  class space    used 762K, capacity 806K, committed 896K, reserved 1048576K
}
Event: 4.123 GC heap before
{Heap before GC invocations=2 (full 1):
 PSYoungGen      total 75776K, used 992K [0x000000076bb80000, 0x0000000771000000, 0x00000007c0000000)
  eden space 65024K, 0% used [0x000000076bb80000,0x000000076bb80000,0x000000076fb00000)
  from space 10752K, 9% used [0x000000076fb00000,0x000000076fbf8020,0x0000000770580000)
  to   space 10752K, 0% used [0x0000000770580000,0x0000000770580000,0x0000000771000000)
 ParOldGen       total 173568K, used 0K [0x00000006c3200000, 0x00000006cdb80000, 0x000000076bb80000)
  object space 173568K, 0% used [0x00000006c3200000,0x00000006c3200000,0x00000006cdb80000)
 Metaspace       used 6365K, capacity 6536K, committed 6784K, reserved 1056768K
  class space    used 762K, capacity 806K, committed 896K, reserved 1048576K
Event: 4.255 GC heap after
Heap after GC invocations=2 (full 1):
 PSYoungGen      total 75776K, used 0K [0x000000076bb80000, 0x0000000771000000, 0x00000007c0000000)
  eden space 65024K, 0% used [0x000000076bb80000,0x000000076bb80000,0x000000076fb00000)
  from space 10752K, 0% used [0x000000076fb00000,0x000000076fb00000,0x0000000770580000)
  to   space 10752K, 0% used [0x0000000770580000,0x0000000770580000,0x0000000771000000)
 ParOldGen       total 173568K, used 936K [0x00000006c3200000, 0x00000006cdb80000, 0x000000076bb80000)
  object space 173568K, 0% used [0x00000006c3200000,0x00000006c32ea190,0x00000006cdb80000)
 Metaspace       used 6365K, capacity 6536K, committed 6784K, reserved 1056768K
  class space    used 762K, capacity 806K, committed 896K, reserved 1048576K
}
Event: 23.433 GC heap before
{Heap before GC invocations=3 (full 1):
 PSYoungGen      total 75776K, used 65024K [0x000000076bb80000, 0x0000000771000000, 0x00000007c0000000)
  eden space 65024K, 100% used [0x000000076bb80000,0x000000076fb00000,0x000000076fb00000)
  from space 10752K, 0% used [0x000000076fb00000,0x000000076fb00000,0x0000000770580000)
  to   space 10752K, 0% used [0x0000000770580000,0x0000000770580000,0x0000000771000000)
 ParOldGen       total 173568K, used 936K [0x00000006c3200000, 0x00000006cdb80000, 0x000000076bb80000)
  object space 173568K, 0% used [0x00000006c3200000,0x00000006c32ea190,0x00000006cdb80000)
 Metaspace       used 13922K, capacity 14240K, committed 14336K, reserved 1062912K
  class space    used 1678K, capacity 1790K, committed 1792K, reserved 1048576K
Event: 23.474 GC heap after
Heap after GC invocations=3 (full 1):
 PSYoungGen      total 75776K, used 6576K [0x000000076bb80000, 0x0000000771000000, 0x00000007c0000000)
  eden space 65024K, 0% used [0x000000076bb80000,0x000000076bb80000,0x000000076fb00000)
  from space 10752K, 61% used [0x0000000770580000,0x0000000770bec010,0x0000000771000000)
  to   space 10752K, 0% used [0x000000076fb00000,0x000000076fb00000,0x0000000770580000)
 ParOldGen       total 173568K, used 1008K [0x00000006c3200000, 0x00000006cdb80000, 0x000000076bb80000)
  object space 173568K, 0% used [0x00000006c3200000,0x00000006c32fc1a0,0x00000006cdb80000)
 Metaspace       used 13922K, capacity 14240K, committed 14336K, reserved 1062912K
  class space    used 1678K, capacity 1790K, committed 1792K, reserved 1048576K
}
Event: 38.096 GC heap before
{Heap before GC invocations=4 (full 1):
 PSYoungGen      total 75776K, used 71600K [0x000000076bb80000, 0x0000000771000000, 0x00000007c0000000)
  eden space 65024K, 100% used [0x000000076bb80000,0x000000076fb00000,0x000000076fb00000)
  from space 10752K, 61% used [0x0000000770580000,0x0000000770bec010,0x0000000771000000)
  to   space 10752K, 0% used [0x000000076fb00000,0x000000076fb00000,0x0000000770580000)
 ParOldGen       total 173568K, used 1008K [0x00000006c3200000, 0x00000006cdb80000, 0x000000076bb80000)
  object space 173568K, 0% used [0x00000006c3200000,0x00000006c32fc1a0,0x00000006cdb80000)
 Metaspace       used 14250K, capacity 14560K, committed 14592K, reserved 1062912K
  class space    used 1678K, capacity 1790K, committed 1792K, reserved 1048576K
Event: 38.146 GC heap after
Heap after GC invocations=4 (full 1):
 PSYoungGen      total 75776K, used 7632K [0x000000076bb80000, 0x0000000771000000, 0x00000007c0000000)
  eden space 65024K, 0% used [0x000000076bb80000,0x000000076bb80000,0x000000076fb00000)
  from space 10752K, 70% used [0x000000076fb00000,0x0000000770274010,0x0000000770580000)
  to   space 10752K, 0% used [0x0000000770580000,0x0000000770580000,0x0000000771000000)
 ParOldGen       total 173568K, used 1016K [0x00000006c3200000, 0x00000006cdb80000, 0x000000076bb80000)
  object space 173568K, 0% used [0x00000006c3200000,0x00000006c32fe1a0,0x00000006cdb80000)
 Metaspace       used 14250K, capacity 14560K, committed 14592K, reserved 1062912K
  class space    used 1678K, capacity 1790K, committed 1792K, reserved 1048576K
}

