# JRE version: Java(TM) SE Runtime Environment (8.0_261-b12) (build 1.8.0_261-b12)
# Java VM: Java HotSpot(TM) 64-Bit Server VM (25.261-b12 mixed mode windows-amd64 compressed oops)
Heap:
 PSYoungGen      total 75776K, used 44198K [0x000000076bb80000, 0x0000000771000000, 0x00000007c0000000)
  eden space 65024K, 57% used [0x000000076bb80000,0x000000076e005970,0x000000076fb00000)
  from space 10752K, 63% used [0x000000076fb00000,0x00000007701a4010,0x0000000770580000)
  to   space 10752K, 0% used [0x0000000770580000,0x0000000770580000,0x0000000771000000)
 ParOldGen       total 173568K, used 2059K [0x00000006c3200000, 0x00000006cdb80000, 0x000000076bb80000)
  object space 173568K, 1% used [0x00000006c3200000,0x00000006c3402db0,0x00000006cdb80000)
 Metaspace       used 14462K, capacity 14816K, committed 14848K, reserved 1062912K
  class space    used 1679K, capacity 1790K, committed 1792K, reserved 1048576K
GC Heap History (8 events):
Event: 3.668 GC heap before
{Heap before GC invocations=1 (full 0):
 PSYoungGen      total 75776K, used 14305K [0x000000076bb80000, 0x0000000771000000, 0x00000007c0000000)
  eden space 65024K, 22% used [0x000000076bb80000,0x000000076c978708,0x000000076fb00000)
  from space 10752K, 0% used [0x0000000770580000,0x0000000770580000,0x0000000771000000)
  to   space 10752K, 0% used [0x000000076fb00000,0x000000076fb00000,0x0000000770580000)
 ParOldGen       total 173568K, used 0K [0x00000006c3200000, 0x00000006cdb80000, 0x000000076bb80000)
  object space 173568K, 0% used [0x00000006c3200000,0x00000006c3200000,0x00000006cdb80000)
 Metaspace       used 12679K, capacity 12870K, committed 13056K, reserved 1060864K
  class space    used 1647K, capacity 1743K, committed 1792K, reserved 1048576K
Event: 3.692 GC heap after
Heap after GC invocations=1 (full 0):
 PSYoungGen      total 75776K, used 2096K [0x000000076bb80000, 0x0000000771000000, 0x00000007c0000000)
  eden space 65024K, 0% used [0x000000076bb80000,0x000000076bb80000,0x000000076fb00000)
  from space 10752K, 19% used [0x000000076fb00000,0x000000076fd0c010,0x0000000770580000)
  to   space 10752K, 0% used [0x0000000770580000,0x0000000770580000,0x0000000771000000)
 ParOldGen       total 173568K, used 80K [0x00000006c3200000, 0x00000006cdb80000, 0x000000076bb80000)
  object space 173568K, 0% used [0x00000006c3200000,0x00000006c3214010,0x00000006cdb80000)
 Metaspace       used 12679K, capacity 12870K, committed 13056K, reserved 1060864K
  class space    used 1647K, capacity 1743K, committed 1792K, reserved 1048576K
}
Event: 3.693 GC heap before
{Heap before GC invocations=2 (full 1):
 PSYoungGen      total 75776K, used 2096K [0x000000076bb80000, 0x0000000771000000, 0x00000007c0000000)
  eden space 65024K, 0% used [0x000000076bb80000,0x000000076bb80000,0x000000076fb00000)
  from space 10752K, 19% used [0x000000076fb00000,0x000000076fd0c010,0x0000000770580000)
  to   space 10752K, 0% used [0x0000000770580000,0x0000000770580000,0x0000000771000000)
 ParOldGen       total 173568K, used 80K [0x00000006c3200000, 0x00000006cdb80000, 0x000000076bb80000)
  object space 173568K, 0% used [0x00000006c3200000,0x00000006c3214010,0x00000006cdb80000)
 Metaspace       used 12679K, capacity 12870K, committed 13056K, reserved 1060864K
  class space    used 1647K, capacity 1743K, committed 1792K, reserved 1048576K
Event: 3.772 GC heap after
Heap after GC invocations=2 (full 1):
 PSYoungGen      total 75776K, used 0K [0x000000076bb80000, 0x0000000771000000, 0x00000007c0000000)
  eden space 65024K, 0% used [0x000000076bb80000,0x000000076bb80000,0x000000076fb00000)
  from space 10752K, 0% used [0x000000076fb00000,0x000000076fb00000,0x0000000770580000)
  to   space 10752K, 0% used [0x0000000770580000,0x0000000770580000,0x0000000771000000)
 ParOldGen       total 173568K, used 2043K [0x00000006c3200000, 0x00000006cdb80000, 0x000000076bb80000)
  object space 173568K, 1% used [0x00000006c3200000,0x00000006c33fedb0,0x00000006cdb80000)
 Metaspace       used 12679K, capacity 12870K, committed 13056K, reserved 1060864K
  class space    used 1647K, capacity 1743K, committed 1792K, reserved 1048576K
}
Event: 19.733 GC heap before
{Heap before GC invocations=3 (full 1):
 PSYoungGen      total 75776K, used 65024K [0x000000076bb80000, 0x0000000771000000, 0x00000007c0000000)
  eden space 65024K, 100% used [0x000000076bb80000,0x000000076fb00000,0x000000076fb00000)
  from space 10752K, 0% used [0x000000076fb00000,0x000000076fb00000,0x0000000770580000)
  to   space 10752K, 0% used [0x0000000770580000,0x0000000770580000,0x0000000771000000)
 ParOldGen       total 173568K, used 2043K [0x00000006c3200000, 0x00000006cdb80000, 0x000000076bb80000)
  object space 173568K, 1% used [0x00000006c3200000,0x00000006c33fedb0,0x00000006cdb80000)
 Metaspace       used 13924K, capacity 14240K, committed 14336K, reserved 1062912K
  class space    used 1678K, capacity 1790K, committed 1792K, reserved 1048576K
Event: 19.837 GC heap after
Heap after GC invocations=3 (full 1):
 PSYoungGen      total 75776K, used 6128K [0x000000076bb80000, 0x0000000771000000, 0x00000007c0000000)
  eden space 65024K, 0% used [0x000000076bb80000,0x000000076bb80000,0x000000076fb00000)
  from space 10752K, 56% used [0x0000000770580000,0x0000000770b7c010,0x0000000771000000)
  to   space 10752K, 0% used [0x000000076fb00000,0x000000076fb00000,0x0000000770580000)
 ParOldGen       total 173568K, used 2051K [0x00000006c3200000, 0x00000006cdb80000, 0x000000076bb80000)
  object space 173568K, 1% used [0x00000006c3200000,0x00000006c3400db0,0x00000006cdb80000)
 Metaspace       used 13924K, capacity 14240K, committed 14336K, reserved 1062912K
  class space    used 1678K, capacity 1790K, committed 1792K, reserved 1048576K
}
Event: 34.205 GC heap before
{Heap before GC invocations=4 (full 1):
 PSYoungGen      total 75776K, used 71152K [0x000000076bb80000, 0x0000000771000000, 0x00000007c0000000)
  eden space 65024K, 100% used [0x000000076bb80000,0x000000076fb00000,0x000000076fb00000)
  from space 10752K, 56% used [0x0000000770580000,0x0000000770b7c010,0x0000000771000000)
  to   space 10752K, 0% used [0x000000076fb00000,0x000000076fb00000,0x0000000770580000)
 ParOldGen       total 173568K, used 2051K [0x00000006c3200000, 0x00000006cdb80000, 0x000000076bb80000)
  object space 173568K, 1% used [0x00000006c3200000,0x00000006c3400db0,0x00000006cdb80000)
 Metaspace       used 14402K, capacity 14752K, committed 14848K, reserved 1062912K
  class space    used 1678K, capacity 1790K, committed 1792K, reserved 1048576K
Event: 34.273 GC heap after
Heap after GC invocations=4 (full 1):
 PSYoungGen      total 75776K, used 6800K [0x000000076bb80000, 0x0000000771000000, 0x00000007c0000000)
  eden space 65024K, 0% used [0x000000076bb80000,0x000000076bb80000,0x000000076fb00000)
  from space 10752K, 63% used [0x000000076fb00000,0x00000007701a4010,0x0000000770580000)
  to   space 10752K, 0% used [0x0000000770580000,0x0000000770580000,0x0000000771000000)
 ParOldGen       total 173568K, used 2059K [0x00000006c3200000, 0x00000006cdb80000, 0x000000076bb80000)
  object space 173568K, 1% used [0x00000006c3200000,0x00000006c3402db0,0x00000006cdb80000)
 Metaspace       used 14402K, capacity 14752K, committed 14848K, reserved 1062912K
  class space    used 1678K, capacity 1790K, committed 1792K, reserved 1048576K
}

