# JRE version: Java(TM) SE Runtime Environment (8.0_261-b12) (build 1.8.0_261-b12)
# Java VM: Java HotSpot(TM) 64-Bit Server VM (25.261-b12 mixed mode windows-amd64 compressed oops)
Heap:
 PSYoungGen      total 75776K, used 23859K [0x000000076bb80000, 0x0000000771000000, 0x00000007c0000000)
  eden space 65024K, 36% used [0x000000076bb80000,0x000000076d2cced0,0x000000076fb00000)
  from space 10752K, 0% used [0x000000076fb00000,0x000000076fb00000,0x0000000770580000)
  to   space 10752K, 0% used [0x0000000770580000,0x0000000770580000,0x0000000771000000)
 ParOldGen       total 173568K, used 1662K [0x00000006c3200000, 0x00000006cdb80000, 0x000000076bb80000)
  object space 173568K, 0% used [0x00000006c3200000,0x00000006c339fbc0,0x00000006cdb80000)
 Metaspace       used 13502K, capacity 13844K, committed 14080K, reserved 1060864K
  class space    used 1673K, capacity 1788K, committed 1792K, reserved 1048576K
GC Heap History (4 events):
Event: 4.628 GC heap before
{Heap before GC invocations=1 (full 0):
 PSYoungGen      total 75776K, used 13005K [0x000000076bb80000, 0x0000000771000000, 0x00000007c0000000)
  eden space 65024K, 20% used [0x000000076bb80000,0x000000076c833440,0x000000076fb00000)
  from space 10752K, 0% used [0x0000000770580000,0x0000000770580000,0x0000000771000000)
  to   space 10752K, 0% used [0x000000076fb00000,0x000000076fb00000,0x0000000770580000)
 ParOldGen       total 173568K, used 0K [0x00000006c3200000, 0x00000006cdb80000, 0x000000076bb80000)
  object space 173568K, 0% used [0x00000006c3200000,0x00000006c3200000,0x00000006cdb80000)
 Metaspace       used 11055K, capacity 11314K, committed 11648K, reserved 1058816K
  class space    used 1450K, capacity 1547K, committed 1664K, reserved 1048576K
Event: 4.695 GC heap after
Heap after GC invocations=1 (full 0):
 PSYoungGen      total 75776K, used 1648K [0x000000076bb80000, 0x0000000771000000, 0x00000007c0000000)
  eden space 65024K, 0% used [0x000000076bb80000,0x000000076bb80000,0x000000076fb00000)
  from space 10752K, 15% used [0x000000076fb00000,0x000000076fc9c010,0x0000000770580000)
  to   space 10752K, 0% used [0x0000000770580000,0x0000000770580000,0x0000000771000000)
 ParOldGen       total 173568K, used 72K [0x00000006c3200000, 0x00000006cdb80000, 0x000000076bb80000)
  object space 173568K, 0% used [0x00000006c3200000,0x00000006c3212010,0x00000006cdb80000)
 Metaspace       used 11055K, capacity 11314K, committed 11648K, reserved 1058816K
  class space    used 1450K, capacity 1547K, committed 1664K, reserved 1048576K
}
Event: 4.696 GC heap before
{Heap before GC invocations=2 (full 1):
 PSYoungGen      total 75776K, used 1648K [0x000000076bb80000, 0x0000000771000000, 0x00000007c0000000)
  eden space 65024K, 0% used [0x000000076bb80000,0x000000076bb80000,0x000000076fb00000)
  from space 10752K, 15% used [0x000000076fb00000,0x000000076fc9c010,0x0000000770580000)
  to   space 10752K, 0% used [0x0000000770580000,0x0000000770580000,0x0000000771000000)
 ParOldGen       total 173568K, used 72K [0x00000006c3200000, 0x00000006cdb80000, 0x000000076bb80000)
  object space 173568K, 0% used [0x00000006c3200000,0x00000006c3212010,0x00000006cdb80000)
 Metaspace       used 11055K, capacity 11314K, committed 11648K, reserved 1058816K
  class space    used 1450K, capacity 1547K, committed 1664K, reserved 1048576K
Event: 4.784 GC heap after
Heap after GC invocations=2 (full 1):
 PSYoungGen      total 75776K, used 0K [0x000000076bb80000, 0x0000000771000000, 0x00000007c0000000)
  eden space 65024K, 0% used [0x000000076bb80000,0x000000076bb80000,0x000000076fb00000)
  from space 10752K, 0% used [0x000000076fb00000,0x000000076fb00000,0x0000000770580000)
  to   space 10752K, 0% used [0x0000000770580000,0x0000000770580000,0x0000000771000000)
 ParOldGen       total 173568K, used 1662K [0x00000006c3200000, 0x00000006cdb80000, 0x000000076bb80000)
  object space 173568K, 0% used [0x00000006c3200000,0x00000006c339fbc0,0x00000006cdb80000)
 Metaspace       used 11055K, capacity 11314K, committed 11648K, reserved 1058816K
  class space    used 1450K, capacity 1547K, committed 1664K, reserved 1048576K
}

