# JRE version: Java(TM) SE Runtime Environment (8.0_261-b12) (build 1.8.0_261-b12)
# Java VM: Java HotSpot(TM) 64-Bit Server VM (25.261-b12 mixed mode windows-amd64 compressed oops)
Heap:
 PSYoungGen      total 75776K, used 17059K [0x000000076bb80000, 0x0000000774f80000, 0x00000007c0000000)
  eden space 65024K, 16% used [0x000000076bb80000,0x000000076c5ecdf0,0x000000076fb00000)
  from space 10752K, 59% used [0x0000000770580000,0x0000000770bbc010,0x0000000771000000)
  to   space 10752K, 0% used [0x000000076fb00000,0x000000076fb00000,0x0000000770580000)
 ParOldGen       total 173568K, used 1729K [0x00000006c3200000, 0x00000006cdb80000, 0x000000076bb80000)
  object space 173568K, 0% used [0x00000006c3200000,0x00000006c33b0410,0x00000006cdb80000)
 Metaspace       used 14140K, capacity 14504K, committed 14720K, reserved 1062912K
  class space    used 1701K, capacity 1802K, committed 1920K, reserved 1048576K
GC Heap History (6 events):
Event: 7.716 GC heap before
{Heap before GC invocations=1 (full 0):
 PSYoungGen      total 75776K, used 13005K [0x000000076bb80000, 0x0000000771000000, 0x00000007c0000000)
  eden space 65024K, 20% used [0x000000076bb80000,0x000000076c833458,0x000000076fb00000)
  from space 10752K, 0% used [0x0000000770580000,0x0000000770580000,0x0000000771000000)
  to   space 10752K, 0% used [0x000000076fb00000,0x000000076fb00000,0x0000000770580000)
 ParOldGen       total 173568K, used 0K [0x00000006c3200000, 0x00000006cdb80000, 0x000000076bb80000)
  object space 173568K, 0% used [0x00000006c3200000,0x00000006c3200000,0x00000006cdb80000)
 Metaspace       used 10390K, capacity 10556K, committed 10624K, reserved 1058816K
  class space    used 1330K, capacity 1394K, committed 1408K, reserved 1048576K
Event: 7.801 GC heap after
Heap after GC invocations=1 (full 0):
 PSYoungGen      total 75776K, used 1856K [0x000000076bb80000, 0x0000000771000000, 0x00000007c0000000)
  eden space 65024K, 0% used [0x000000076bb80000,0x000000076bb80000,0x000000076fb00000)
  from space 10752K, 17% used [0x000000076fb00000,0x000000076fcd0000,0x0000000770580000)
  to   space 10752K, 0% used [0x0000000770580000,0x0000000770580000,0x0000000771000000)
 ParOldGen       total 173568K, used 80K [0x00000006c3200000, 0x00000006cdb80000, 0x000000076bb80000)
  object space 173568K, 0% used [0x00000006c3200000,0x00000006c3214010,0x00000006cdb80000)
 Metaspace       used 10390K, capacity 10556K, committed 10624K, reserved 1058816K
  class space    used 1330K, capacity 1394K, committed 1408K, reserved 1048576K
}
Event: 7.801 GC heap before
{Heap before GC invocations=2 (full 1):
 PSYoungGen      total 75776K, used 1856K [0x000000076bb80000, 0x0000000771000000, 0x00000007c0000000)
  eden space 65024K, 0% used [0x000000076bb80000,0x000000076bb80000,0x000000076fb00000)
  from space 10752K, 17% used [0x000000076fb00000,0x000000076fcd0000,0x0000000770580000)
  to   space 10752K, 0% used [0x0000000770580000,0x0000000770580000,0x0000000771000000)
 ParOldGen       total 173568K, used 80K [0x00000006c3200000, 0x00000006cdb80000, 0x000000076bb80000)
  object space 173568K, 0% used [0x00000006c3200000,0x00000006c3214010,0x00000006cdb80000)
 Metaspace       used 10390K, capacity 10556K, committed 10624K, reserved 1058816K
  class space    used 1330K, capacity 1394K, committed 1408K, reserved 1048576K
Event: 8.291 GC heap after
Heap after GC invocations=2 (full 1):
 PSYoungGen      total 75776K, used 0K [0x000000076bb80000, 0x0000000771000000, 0x00000007c0000000)
  eden space 65024K, 0% used [0x000000076bb80000,0x000000076bb80000,0x000000076fb00000)
  from space 10752K, 0% used [0x000000076fb00000,0x000000076fb00000,0x0000000770580000)
  to   space 10752K, 0% used [0x0000000770580000,0x0000000770580000,0x0000000771000000)
 ParOldGen       total 173568K, used 1721K [0x00000006c3200000, 0x00000006cdb80000, 0x000000076bb80000)
  object space 173568K, 0% used [0x00000006c3200000,0x00000006c33ae410,0x00000006cdb80000)
 Metaspace       used 10390K, capacity 10556K, committed 10624K, reserved 1058816K
  class space    used 1330K, capacity 1394K, committed 1408K, reserved 1048576K
}
Event: 22.052 GC heap before
{Heap before GC invocations=3 (full 1):
 PSYoungGen      total 75776K, used 65024K [0x000000076bb80000, 0x0000000771000000, 0x00000007c0000000)
  eden space 65024K, 100% used [0x000000076bb80000,0x000000076fb00000,0x000000076fb00000)
  from space 10752K, 0% used [0x000000076fb00000,0x000000076fb00000,0x0000000770580000)
  to   space 10752K, 0% used [0x0000000770580000,0x0000000770580000,0x0000000771000000)
 ParOldGen       total 173568K, used 1721K [0x00000006c3200000, 0x00000006cdb80000, 0x000000076bb80000)
  object space 173568K, 0% used [0x00000006c3200000,0x00000006c33ae410,0x00000006cdb80000)
 Metaspace       used 14032K, capacity 14376K, committed 14720K, reserved 1062912K
  class space    used 1701K, capacity 1802K, committed 1920K, reserved 1048576K
Event: 22.229 GC heap after
Heap after GC invocations=3 (full 1):
 PSYoungGen      total 75776K, used 6384K [0x000000076bb80000, 0x0000000774f80000, 0x00000007c0000000)
  eden space 65024K, 0% used [0x000000076bb80000,0x000000076bb80000,0x000000076fb00000)
  from space 10752K, 59% used [0x0000000770580000,0x0000000770bbc010,0x0000000771000000)
  to   space 10752K, 0% used [0x000000076fb00000,0x000000076fb00000,0x0000000770580000)
 ParOldGen       total 173568K, used 1729K [0x00000006c3200000, 0x00000006cdb80000, 0x000000076bb80000)
  object space 173568K, 0% used [0x00000006c3200000,0x00000006c33b0410,0x00000006cdb80000)
 Metaspace       used 14032K, capacity 14376K, committed 14720K, reserved 1062912K
  class space    used 1701K, capacity 1802K, committed 1920K, reserved 1048576K
}

