# JRE version: Java(TM) SE Runtime Environment (8.0_261-b12) (build 1.8.0_261-b12)
# Java VM: Java HotSpot(TM) 64-Bit Server VM (25.261-b12 mixed mode windows-amd64 compressed oops)
Heap:
 PSYoungGen      total 75776K, used 28426K [0x000000076bb80000, 0x0000000774f80000, 0x00000007c0000000)
  eden space 65024K, 33% used [0x000000076bb80000,0x000000076d0f2bd8,0x000000076fb00000)
  from space 10752K, 60% used [0x0000000770580000,0x0000000770bd0000,0x0000000771000000)
  to   space 10752K, 0% used [0x000000076fb00000,0x000000076fb00000,0x0000000770580000)
 ParOldGen       total 173568K, used 1761K [0x00000006c3200000, 0x00000006cdb80000, 0x000000076bb80000)
  object space 173568K, 1% used [0x00000006c3200000,0x00000006c33b8480,0x00000006cdb80000)
 Metaspace       used 14176K, capacity 14568K, committed 14720K, reserved 1062912K
  class space    used 1702K, capacity 1802K, committed 1920K, reserved 1048576K
GC Heap History (6 events):
Event: 5.461 GC heap before
{Heap before GC invocations=1 (full 0):
 PSYoungGen      total 75776K, used 14305K [0x000000076bb80000, 0x0000000771000000, 0x00000007c0000000)
  eden space 65024K, 22% used [0x000000076bb80000,0x000000076c9786d0,0x000000076fb00000)
  from space 10752K, 0% used [0x0000000770580000,0x0000000770580000,0x0000000771000000)
  to   space 10752K, 0% used [0x000000076fb00000,0x000000076fb00000,0x0000000770580000)
 ParOldGen       total 173568K, used 0K [0x00000006c3200000, 0x00000006cdb80000, 0x000000076bb80000)
  object space 173568K, 0% used [0x00000006c3200000,0x00000006c3200000,0x00000006cdb80000)
 Metaspace       used 10610K, capacity 10810K, committed 11008K, reserved 1058816K
  class space    used 1366K, capacity 1431K, committed 1536K, reserved 1048576K
Event: 5.659 GC heap after
Heap after GC invocations=1 (full 0):
 PSYoungGen      total 75776K, used 1824K [0x000000076bb80000, 0x0000000771000000, 0x00000007c0000000)
  eden space 65024K, 0% used [0x000000076bb80000,0x000000076bb80000,0x000000076fb00000)
  from space 10752K, 16% used [0x000000076fb00000,0x000000076fcc8020,0x0000000770580000)
  to   space 10752K, 0% used [0x0000000770580000,0x0000000770580000,0x0000000771000000)
 ParOldGen       total 173568K, used 80K [0x00000006c3200000, 0x00000006cdb80000, 0x000000076bb80000)
  object space 173568K, 0% used [0x00000006c3200000,0x00000006c3214010,0x00000006cdb80000)
 Metaspace       used 10610K, capacity 10810K, committed 11008K, reserved 1058816K
  class space    used 1366K, capacity 1431K, committed 1536K, reserved 1048576K
}
Event: 5.659 GC heap before
{Heap before GC invocations=2 (full 1):
 PSYoungGen      total 75776K, used 1824K [0x000000076bb80000, 0x0000000771000000, 0x00000007c0000000)
  eden space 65024K, 0% used [0x000000076bb80000,0x000000076bb80000,0x000000076fb00000)
  from space 10752K, 16% used [0x000000076fb00000,0x000000076fcc8020,0x0000000770580000)
  to   space 10752K, 0% used [0x0000000770580000,0x0000000770580000,0x0000000771000000)
 ParOldGen       total 173568K, used 80K [0x00000006c3200000, 0x00000006cdb80000, 0x000000076bb80000)
  object space 173568K, 0% used [0x00000006c3200000,0x00000006c3214010,0x00000006cdb80000)
 Metaspace       used 10610K, capacity 10810K, committed 11008K, reserved 1058816K
  class space    used 1366K, capacity 1431K, committed 1536K, reserved 1048576K
Event: 5.723 GC heap after
Heap after GC invocations=2 (full 1):
 PSYoungGen      total 75776K, used 0K [0x000000076bb80000, 0x0000000771000000, 0x00000007c0000000)
  eden space 65024K, 0% used [0x000000076bb80000,0x000000076bb80000,0x000000076fb00000)
  from space 10752K, 0% used [0x000000076fb00000,0x000000076fb00000,0x0000000770580000)
  to   space 10752K, 0% used [0x0000000770580000,0x0000000770580000,0x0000000771000000)
 ParOldGen       total 173568K, used 1753K [0x00000006c3200000, 0x00000006cdb80000, 0x000000076bb80000)
  object space 173568K, 1% used [0x00000006c3200000,0x00000006c33b6480,0x00000006cdb80000)
 Metaspace       used 10610K, capacity 10810K, committed 11008K, reserved 1058816K
  class space    used 1366K, capacity 1431K, committed 1536K, reserved 1048576K
}
Event: 19.504 GC heap before
{Heap before GC invocations=3 (full 1):
 PSYoungGen      total 75776K, used 65024K [0x000000076bb80000, 0x0000000771000000, 0x00000007c0000000)
  eden space 65024K, 100% used [0x000000076bb80000,0x000000076fb00000,0x000000076fb00000)
  from space 10752K, 0% used [0x000000076fb00000,0x000000076fb00000,0x0000000770580000)
  to   space 10752K, 0% used [0x0000000770580000,0x0000000770580000,0x0000000771000000)
 ParOldGen       total 173568K, used 1753K [0x00000006c3200000, 0x00000006cdb80000, 0x000000076bb80000)
  object space 173568K, 1% used [0x00000006c3200000,0x00000006c33b6480,0x00000006cdb80000)
 Metaspace       used 14042K, capacity 14440K, committed 14720K, reserved 1062912K
  class space    used 1702K, capacity 1802K, committed 1920K, reserved 1048576K
Event: 19.726 GC heap after
Heap after GC invocations=3 (full 1):
 PSYoungGen      total 75776K, used 6464K [0x000000076bb80000, 0x0000000774f80000, 0x00000007c0000000)
  eden space 65024K, 0% used [0x000000076bb80000,0x000000076bb80000,0x000000076fb00000)
  from space 10752K, 60% used [0x0000000770580000,0x0000000770bd0000,0x0000000771000000)
  to   space 10752K, 0% used [0x000000076fb00000,0x000000076fb00000,0x0000000770580000)
 ParOldGen       total 173568K, used 1761K [0x00000006c3200000, 0x00000006cdb80000, 0x000000076bb80000)
  object space 173568K, 1% used [0x00000006c3200000,0x00000006c33b8480,0x00000006cdb80000)
 Metaspace       used 14042K, capacity 14440K, committed 14720K, reserved 1062912K
  class space    used 1702K, capacity 1802K, committed 1920K, reserved 1048576K
}

